0 info it worked if it ends with ok
1 verbose cli [ 'c:\\Program Files\\nodejs\\\\node.exe',
1 verbose cli   'c:\\Program Files\\nodejs\\node_modules\\npm\\bin\\npm-cli.js',
1 verbose cli   'run',
1 verbose cli   'start' ]
2 info using npm@1.4.28
3 info using node@v0.10.36
4 verbose node symlink c:\Program Files\nodejs\\node.exe
5 verbose run-script [ 'prestart', 'start', 'poststart' ]
6 info prestart Alma@1.0.0
7 info start Alma@1.0.0
8 verbose unsafe-perm in lifecycle true
9 info Alma@1.0.0 Failed to exec start script
10 error Alma@1.0.0 start: `nodemon server.js`
10 error Exit status 8
11 error Failed at the Alma@1.0.0 start script.
11 error This is most likely a problem with the Alma package,
11 error not with npm itself.
11 error Tell the author that this fails on your system:
11 error     nodemon server.js
11 error You can get their info via:
11 error     npm owner ls Alma
11 error There is likely additional logging output above.
12 error System Windows_NT 6.1.7601
13 error command "c:\\Program Files\\nodejs\\\\node.exe" "c:\\Program Files\\nodejs\\node_modules\\npm\\bin\\npm-cli.js" "run" "start"
14 error cwd D:\NodeJs\alma
15 error node -v v0.10.36
16 error npm -v 1.4.28
17 error code ELIFECYCLE
18 verbose exit [ 1, true ]
